SonarQube plugins:
  - SonarCSS 1.2.0.1325 (cssfamily)
  - Svn 1.10.0.1917 (scmsvn)
  - SonarPLSQL 3.4.1.2576 (plsql)
  - SonarScala 1.5.0.315 (sonarscala)
  - C# Code Quality and Security 8.9.0.19135 (csharp)
  - Vulnerability Analysis 8.4.0.2759 (security)
  - Java Code Quality and Security 6.5.1.22586 (java)
  - SonarHTML 3.2.0.2082 (web)
  - SonarFlex 2.5.1.1831 (flex)
  - SonarXML 2.0.1.2020 (xml)
  - SonarTS 2.1.0.4359 (typescript)
  - VB.NET Code Quality and Security 8.9.0.19135 (vbnet)
  - SonarSwift 4.2.2.77 (swift)
  - CFamily Code Quality and Security 6.11.0.19130 (cpp)
  - Python Code Quality and Security 2.13.0.7236 (python)
  - JaCoCo 1.1.0.898 (jacoco)
  - RPG Code Quality 2.4.0.2183 (rpg)
  - SonarGo 1.6.0.719 (go)
  - SonarKotlin 1.5.0.315 (kotlin)
  - SonarPLI 1.10.0.1880 (pli)
  - SonarTSQL 1.4.0.3334 (tsql)
  - SonarVB6 2.6.0.1875 (vb)
  - SonarApex 1.7.0.883 (sonarapex)
  - SonarJS 6.2.1.12157 (javascript)
  - SonarRuby 1.5.0.315 (ruby)
  - Vulnerability Rules for C# 8.4.0.2759 (securitycsharpfrontend)
  - Vulnerability Rules for Java 8.4.0.2759 (securityjavafrontend)
  - License for SonarLint 8.4.2.36762 (license)
  - COBOL Code Quality 4.5.1.4460 (cobol)
  - Vulnerability Rules for Python 8.4.0.2759 (securitypythonfrontend)
  - Git 1.12.0.2034 (scmgit)
  - PHP Code Quality and Security 3.5.0.5655 (php)
  - SonarABAP 3.8.0.2034 (abap)
  - Vulnerability Rules for PHP 8.4.0.2759 (securityphpfrontend)
Global server settings:
  - sonar.core.id=BF41A1F2-AXR0DApZeFofTXw9_BZy
  - sonar.core.startTime=2020-09-14T15:20:40-0500
  - sonar.dbcleaner.branchesToKeepWhenInactive=master,develop,trunk
Project server settings:
Project scanner properties:
  - sonar.host.url=http://sq84.jting.us.ngrok.io
  - sonar.java.libraries=/Users/jting/.m2/repository/com/google/guava/guava/27.1-jre/guava-27.1-jre.jar,/Users/jting/.m2/repository/com/google/guava/failureaccess/1.0.1/failureaccess-1.0.1.jar,/Users/jting/.m2/repository/com/google/guava/listenablefuture/9999.0-empty-to-avoid-conflict-with-guava/listenablefuture-9999.0-empty-to-avoid-conflict-with-guava.jar,/Users/jting/.m2/repository/com/google/code/findbugs/jsr305/3.0.2/jsr305-3.0.2.jar,/Users/jting/.m2/repository/org/checkerframework/checker-qual/2.5.2/checker-qual-2.5.2.jar,/Users/jting/.m2/repository/com/google/errorprone/error_prone_annotations/2.2.0/error_prone_annotations-2.2.0.jar,/Users/jting/.m2/repository/com/google/j2objc/j2objc-annotations/1.1/j2objc-annotations-1.1.jar,/Users/jting/.m2/repository/org/codehaus/mojo/animal-sniffer-annotations/1.17/animal-sniffer-annotations-1.17.jar
  - sonar.java.source=1.8
  - sonar.java.target=1.8
  - sonar.java.test.libraries=/Users/jting/.m2/repository/com/google/guava/guava/27.1-jre/guava-27.1-jre.jar,/Users/jting/.m2/repository/com/google/guava/failureaccess/1.0.1/failureaccess-1.0.1.jar,/Users/jting/.m2/repository/com/google/guava/listenablefuture/9999.0-empty-to-avoid-conflict-with-guava/listenablefuture-9999.0-empty-to-avoid-conflict-with-guava.jar,/Users/jting/.m2/repository/com/google/code/findbugs/jsr305/3.0.2/jsr305-3.0.2.jar,/Users/jting/.m2/repository/org/checkerframework/checker-qual/2.5.2/checker-qual-2.5.2.jar,/Users/jting/.m2/repository/com/google/errorprone/error_prone_annotations/2.2.0/error_prone_annotations-2.2.0.jar,/Users/jting/.m2/repository/com/google/j2objc/j2objc-annotations/1.1/j2objc-annotations-1.1.jar,/Users/jting/.m2/repository/org/codehaus/mojo/animal-sniffer-annotations/1.17/animal-sniffer-annotations-1.17.jar,/Users/jting/.m2/repository/junit/junit/4.12/junit-4.12.jar,/Users/jting/.m2/repository/org/hamcrest/hamcrest-core/1.3/hamcrest-core-1.3.jar
  - sonar.libraries=/Users/jting/.m2/repository/com/google/guava/guava/27.1-jre/guava-27.1-jre.jar,/Users/jting/.m2/repository/com/google/guava/failureaccess/1.0.1/failureaccess-1.0.1.jar,/Users/jting/.m2/repository/com/google/guava/listenablefuture/9999.0-empty-to-avoid-conflict-with-guava/listenablefuture-9999.0-empty-to-avoid-conflict-with-guava.jar,/Users/jting/.m2/repository/com/google/code/findbugs/jsr305/3.0.2/jsr305-3.0.2.jar,/Users/jting/.m2/repository/org/checkerframework/checker-qual/2.5.2/checker-qual-2.5.2.jar,/Users/jting/.m2/repository/com/google/errorprone/error_prone_annotations/2.2.0/error_prone_annotations-2.2.0.jar,/Users/jting/.m2/repository/com/google/j2objc/j2objc-annotations/1.1/j2objc-annotations-1.1.jar,/Users/jting/.m2/repository/org/codehaus/mojo/animal-sniffer-annotations/1.17/animal-sniffer-annotations-1.17.jar
  - sonar.links.ci=
  - sonar.links.homepage=
  - sonar.links.issue=
  - sonar.links.scm=
  - sonar.links.scm_dev=
  - sonar.moduleKey=org.sonarqube:sonarscanner-maven-aggregate
  - sonar.modules=org.sonarqube:module1,org.sonarqube:module2,org.sonarqube:tests
  - sonar.projectBaseDir=/Users/jting/Projects/maven-multimodule
  - sonar.projectBuildDir=/Users/jting/Projects/maven-multimodule/target
  - sonar.projectKey=org.sonarqube:sonarscanner-maven-aggregate
  - sonar.projectName=Example of multi-module Maven project
  - sonar.projectVersion=1.0-SNAPSHOT
  - sonar.scanner.app=ScannerMaven
  - sonar.scanner.appVersion=3.6.0.1398/3.6.3
  - sonar.sourceEncoding=UTF-8
  - sonar.sources=/Users/jting/Projects/maven-multimodule/pom.xml
  - sonar.verbose=true
  - sonar.working.directory=/Users/jting/Projects/maven-multimodule/target/sonar
Scanner properties of module: org.sonarqube:module1
  - sonar.binaries=/Users/jting/Projects/maven-multimodule/module1/target/classes
  - sonar.coverage.jacoco.xmlReportPaths=/Users/jting/Projects/maven-multimodule/module1/../tests/target/site/jacoco-aggregate/jacoco.xml
  - sonar.groovy.binaries=/Users/jting/Projects/maven-multimodule/module1/target/classes
  - sonar.java.binaries=/Users/jting/Projects/maven-multimodule/module1/target/classes
  - sonar.java.test.binaries=/Users/jting/Projects/maven-multimodule/module1/target/test-classes
  - sonar.java.test.libraries=/Users/jting/Projects/maven-multimodule/module1/target/classes,/Users/jting/.m2/repository/com/google/guava/guava/27.1-jre/guava-27.1-jre.jar,/Users/jting/.m2/repository/com/google/guava/failureaccess/1.0.1/failureaccess-1.0.1.jar,/Users/jting/.m2/repository/com/google/guava/listenablefuture/9999.0-empty-to-avoid-conflict-with-guava/listenablefuture-9999.0-empty-to-avoid-conflict-with-guava.jar,/Users/jting/.m2/repository/com/google/code/findbugs/jsr305/3.0.2/jsr305-3.0.2.jar,/Users/jting/.m2/repository/org/checkerframework/checker-qual/2.5.2/checker-qual-2.5.2.jar,/Users/jting/.m2/repository/com/google/errorprone/error_prone_annotations/2.2.0/error_prone_annotations-2.2.0.jar,/Users/jting/.m2/repository/com/google/j2objc/j2objc-annotations/1.1/j2objc-annotations-1.1.jar,/Users/jting/.m2/repository/org/codehaus/mojo/animal-sniffer-annotations/1.17/animal-sniffer-annotations-1.17.jar,/Users/jting/.m2/repository/junit/junit/4.12/junit-4.12.jar,/Users/jting/.m2/repository/org/hamcrest/...
  - sonar.junit.reportPaths=/Users/jting/Projects/maven-multimodule/module1/target/surefire-reports
  - sonar.junit.reportsPath=/Users/jting/Projects/maven-multimodule/module1/target/surefire-reports
  - sonar.moduleKey=org.sonarqube:module1
  - sonar.projectBaseDir=/Users/jting/Projects/maven-multimodule/module1
  - sonar.projectBuildDir=/Users/jting/Projects/maven-multimodule/module1/target
  - sonar.projectKey=org.sonarqube:module1
  - sonar.projectName=Module 1
  - sonar.sources=/Users/jting/Projects/maven-multimodule/module1/pom.xml,/Users/jting/Projects/maven-multimodule/module1/src/main/java
  - sonar.tests=/Users/jting/Projects/maven-multimodule/module1/src/test/java
  - sonar.working.directory=/Users/jting/Projects/maven-multimodule/module1/target/sonar
Scanner properties of module: org.sonarqube:module2
  - sonar.binaries=/Users/jting/Projects/maven-multimodule/module2/target/classes
  - sonar.coverage.jacoco.xmlReportPaths=/Users/jting/Projects/maven-multimodule/module2/../tests/target/site/jacoco-aggregate/jacoco.xml
  - sonar.groovy.binaries=/Users/jting/Projects/maven-multimodule/module2/target/classes
  - sonar.java.binaries=/Users/jting/Projects/maven-multimodule/module2/target/classes
  - sonar.java.test.binaries=/Users/jting/Projects/maven-multimodule/module2/target/test-classes
  - sonar.java.test.libraries=/Users/jting/Projects/maven-multimodule/module2/target/classes,/Users/jting/.m2/repository/com/google/guava/guava/27.1-jre/guava-27.1-jre.jar,/Users/jting/.m2/repository/com/google/guava/failureaccess/1.0.1/failureaccess-1.0.1.jar,/Users/jting/.m2/repository/com/google/guava/listenablefuture/9999.0-empty-to-avoid-conflict-with-guava/listenablefuture-9999.0-empty-to-avoid-conflict-with-guava.jar,/Users/jting/.m2/repository/com/google/code/findbugs/jsr305/3.0.2/jsr305-3.0.2.jar,/Users/jting/.m2/repository/org/checkerframework/checker-qual/2.5.2/checker-qual-2.5.2.jar,/Users/jting/.m2/repository/com/google/errorprone/error_prone_annotations/2.2.0/error_prone_annotations-2.2.0.jar,/Users/jting/.m2/repository/com/google/j2objc/j2objc-annotations/1.1/j2objc-annotations-1.1.jar,/Users/jting/.m2/repository/org/codehaus/mojo/animal-sniffer-annotations/1.17/animal-sniffer-annotations-1.17.jar,/Users/jting/.m2/repository/junit/junit/4.12/junit-4.12.jar,/Users/jting/.m2/repository/org/hamcrest/...
  - sonar.junit.reportPaths=/Users/jting/Projects/maven-multimodule/module2/target/surefire-reports
  - sonar.junit.reportsPath=/Users/jting/Projects/maven-multimodule/module2/target/surefire-reports
  - sonar.moduleKey=org.sonarqube:module2
  - sonar.projectBaseDir=/Users/jting/Projects/maven-multimodule/module2
  - sonar.projectBuildDir=/Users/jting/Projects/maven-multimodule/module2/target
  - sonar.projectKey=org.sonarqube:module2
  - sonar.projectName=Module 2
  - sonar.sources=/Users/jting/Projects/maven-multimodule/module2/pom.xml,/Users/jting/Projects/maven-multimodule/module2/src/main/java
  - sonar.tests=/Users/jting/Projects/maven-multimodule/module2/src/test/java
  - sonar.working.directory=/Users/jting/Projects/maven-multimodule/module2/target/sonar
Scanner properties of module: org.sonarqube:tests
  - sonar.coverage.jacoco.xmlReportPaths=/Users/jting/Projects/maven-multimodule/tests/../tests/target/site/jacoco-aggregate/jacoco.xml
  - sonar.java.libraries=/Users/jting/Projects/maven-multimodule/module1/target/module1-1.0-SNAPSHOT.jar,/Users/jting/Projects/maven-multimodule/module2/target/module2-1.0-SNAPSHOT.jar,/Users/jting/.m2/repository/com/google/guava/guava/27.1-jre/guava-27.1-jre.jar,/Users/jting/.m2/repository/com/google/guava/failureaccess/1.0.1/failureaccess-1.0.1.jar,/Users/jting/.m2/repository/com/google/guava/listenablefuture/9999.0-empty-to-avoid-conflict-with-guava/listenablefuture-9999.0-empty-to-avoid-conflict-with-guava.jar,/Users/jting/.m2/repository/com/google/code/findbugs/jsr305/3.0.2/jsr305-3.0.2.jar,/Users/jting/.m2/repository/org/checkerframework/checker-qual/2.5.2/checker-qual-2.5.2.jar,/Users/jting/.m2/repository/com/google/errorprone/error_prone_annotations/2.2.0/error_prone_annotations-2.2.0.jar,/Users/jting/.m2/repository/com/google/j2objc/j2objc-annotations/1.1/j2objc-annotations-1.1.jar,/Users/jting/.m2/repository/org/codehaus/mojo/animal-sniffer-annotations/1.17/animal-sniffer-annotations-1.17.jar
  - sonar.java.test.binaries=/Users/jting/Projects/maven-multimodule/tests/target/test-classes
  - sonar.java.test.libraries=/Users/jting/Projects/maven-multimodule/module1/target/module1-1.0-SNAPSHOT.jar,/Users/jting/Projects/maven-multimodule/module2/target/module2-1.0-SNAPSHOT.jar,/Users/jting/.m2/repository/com/google/guava/guava/27.1-jre/guava-27.1-jre.jar,/Users/jting/.m2/repository/com/google/guava/failureaccess/1.0.1/failureaccess-1.0.1.jar,/Users/jting/.m2/repository/com/google/guava/listenablefuture/9999.0-empty-to-avoid-conflict-with-guava/listenablefuture-9999.0-empty-to-avoid-conflict-with-guava.jar,/Users/jting/.m2/repository/com/google/code/findbugs/jsr305/3.0.2/jsr305-3.0.2.jar,/Users/jting/.m2/repository/org/checkerframework/checker-qual/2.5.2/checker-qual-2.5.2.jar,/Users/jting/.m2/repository/com/google/errorprone/error_prone_annotations/2.2.0/error_prone_annotations-2.2.0.jar,/Users/jting/.m2/repository/com/google/j2objc/j2objc-annotations/1.1/j2objc-annotations-1.1.jar,/Users/jting/.m2/repository/org/codehaus/mojo/animal-sniffer-annotations/1.17/animal-sniffer-annotations-1.17.jar,/Use...
  - sonar.junit.reportPaths=/Users/jting/Projects/maven-multimodule/tests/target/surefire-reports
  - sonar.junit.reportsPath=/Users/jting/Projects/maven-multimodule/tests/target/surefire-reports
  - sonar.libraries=/Users/jting/Projects/maven-multimodule/module1/target/module1-1.0-SNAPSHOT.jar,/Users/jting/Projects/maven-multimodule/module2/target/module2-1.0-SNAPSHOT.jar,/Users/jting/.m2/repository/com/google/guava/guava/27.1-jre/guava-27.1-jre.jar,/Users/jting/.m2/repository/com/google/guava/failureaccess/1.0.1/failureaccess-1.0.1.jar,/Users/jting/.m2/repository/com/google/guava/listenablefuture/9999.0-empty-to-avoid-conflict-with-guava/listenablefuture-9999.0-empty-to-avoid-conflict-with-guava.jar,/Users/jting/.m2/repository/com/google/code/findbugs/jsr305/3.0.2/jsr305-3.0.2.jar,/Users/jting/.m2/repository/org/checkerframework/checker-qual/2.5.2/checker-qual-2.5.2.jar,/Users/jting/.m2/repository/com/google/errorprone/error_prone_annotations/2.2.0/error_prone_annotations-2.2.0.jar,/Users/jting/.m2/repository/com/google/j2objc/j2objc-annotations/1.1/j2objc-annotations-1.1.jar,/Users/jting/.m2/repository/org/codehaus/mojo/animal-sniffer-annotations/1.17/animal-sniffer-annotations-1.17.jar
  - sonar.moduleKey=org.sonarqube:tests
  - sonar.projectBaseDir=/Users/jting/Projects/maven-multimodule/tests
  - sonar.projectBuildDir=/Users/jting/Projects/maven-multimodule/tests/target
  - sonar.projectKey=org.sonarqube:tests
  - sonar.projectName=Tests
  - sonar.sources=/Users/jting/Projects/maven-multimodule/tests/pom.xml
  - sonar.tests=/Users/jting/Projects/maven-multimodule/tests/src/test/java
  - sonar.working.directory=/Users/jting/Projects/maven-multimodule/tests/target/sonar
